0 info it worked if it ends with ok
1 verbose cli [ '/usr/bin/nodejs', '/usr/bin/npm', 'link' ]
2 info using npm@2.15.9
3 info using node@v4.6.0
4 verbose linkPkg /home/pablo/Desarrollo/GitHub/generator-aws-lambda-boilerplate
5 silly gentlyRm /usr/lib/node_modules/generator-aws-lambda-boilerplate is being purged
6 verbose gentlyRm don't care about contents; nuking /usr/lib/node_modules/generator-aws-lambda-boilerplate
7 silly vacuum-fs purging /usr/lib/node_modules/generator-aws-lambda-boilerplate
8 verbose stack Error: EACCES: permission denied, unlink '/usr/lib/node_modules/generator-aws-lambda-boilerplate'
8 verbose stack     at Error (native)
9 verbose cwd /home/pablo/Desarrollo/GitHub/generator-aws-lambda-boilerplate
10 error Linux 3.13.0-96-generic
11 error argv "/usr/bin/nodejs" "/usr/bin/npm" "link"
12 error node v4.6.0
13 error npm  v2.15.9
14 error path /usr/lib/node_modules/generator-aws-lambda-boilerplate
15 error code EACCES
16 error errno -13
17 error syscall unlink
18 error Error: EACCES: permission denied, unlink '/usr/lib/node_modules/generator-aws-lambda-boilerplate'
18 error     at Error (native)
18 error  { [Error: EACCES: permission denied, unlink '/usr/lib/node_modules/generator-aws-lambda-boilerplate']
18 error   errno: -13,
18 error   code: 'EACCES',
18 error   syscall: 'unlink',
18 error   path: '/usr/lib/node_modules/generator-aws-lambda-boilerplate' }
19 error Please try running this command again as root/Administrator.
20 verbose exit [ -13, true ]
